Using pre-set license
Built from '2020.2/release' branch; Version is '2020.2.1f1 (270dd8c3da1c) revision 2559448'; Using compiler version '192528614'; Build Type 'Release'
OS: 'Windows 10  (10.0.0) 64bit' Language: 'ru' Physical Memory: 12162 MB
BatchMode: 1, IsHumanControllingUs: 0, StartBugReporterOnCrash: 0, Is64bit: 1, IsPro: 0

 COMMAND LINE ARGUMENTS:
C:\Program Files\Unity\2020.2.1f1\Editor\Unity.exe
-adb2
-batchMode
-noUpm
-name
AssetImportWorker0
-projectPath
C:/Users/nena2/Documents/GitHub/EpamPractice
-logFile
Logs/AssetImportWorker0.log
-srvPort
64633
Successfully changed project path to: C:/Users/nena2/Documents/GitHub/EpamPractice
C:/Users/nena2/Documents/GitHub/EpamPractice
Using Asset Import Pipeline V2.
Refreshing native plugins compatible for Editor in 26.69 ms, found 0 plugins.
Preloading 0 native plugins for Editor in 0.00 ms.
Initialize engine version: 2020.2.1f1 (270dd8c3da1c)
[Subsystems] Discovering subsystems at path C:/Program Files/Unity/2020.2.1f1/Editor/Data/Resources/UnitySubsystems
[Subsystems] Discovering subsystems at path C:/Users/nena2/Documents/GitHub/EpamPractice/Assets
GfxDevice: creating device client; threaded=0
Direct3D:
    Version:  Direct3D 11.0 [level 11.1]
    Renderer: NVIDIA GeForce MX150 (ID=0x1d10)
    Vendor:   
    VRAM:     1994 MB
    Driver:   23.21.13.8875
Initialize mono
Mono path[0] = 'C:/Program Files/Unity/2020.2.1f1/Editor/Data/Managed'
Mono path[1] = 'C:/Program Files/Unity/2020.2.1f1/Editor/Data/MonoBleedingEdge/lib/mono/unityjit'
Mono config path = 'C:/Program Files/Unity/2020.2.1f1/Editor/Data/MonoBleedingEdge/etc'
Using monoOptions --debugger-agent=transport=dt_socket,embedding=1,server=y,suspend=n,address=127.0.0.1:56064
Begin MonoManager ReloadAssembly
Registering precompiled unity dll's ...
Register platform support module: C:/Program Files/Unity/2020.2.1f1/Editor/Data/PlaybackEngines/WindowsStandaloneSupport/UnityEditor.WindowsStandalone.Extensions.dll
Registered in 0.003686 seconds.
Native extension for WindowsStandalone target not found
Refreshing native plugins compatible for Editor in 69.70 ms, found 0 plugins.
Preloading 0 native plugins for Editor in 0.00 ms.
Invoked RoslynAnalysisRunner static constructor.
RoslynAnalysisRunner will not be running.
RoslynAnalysisRunner has terminated.
Mono: successfully reloaded assembly
- Completed reload, in  3.926 seconds
Platform modules already initialized, skipping
Registering precompiled user dll's ...
Registered in 0.002563 seconds.
Begin MonoManager ReloadAssembly
Native extension for WindowsStandalone target not found
Refreshing native plugins compatible for Editor in 0.51 ms, found 0 plugins.
Preloading 0 native plugins for Editor in 0.00 ms.
Invoked RoslynAnalysisRunner static constructor.
RoslynAnalysisRunner will not be running.
RoslynAnalysisRunner has terminated.
Mono: successfully reloaded assembly
- Completed reload, in  2.442 seconds
Platform modules already initialized, skipping
========================================================================
Worker process is ready to serve import requests
Launched and connected shader compiler UnityShaderCompiler.exe after 0.10 seconds
Refreshing native plugins compatible for Editor in 0.38 ms, found 0 plugins.
Preloading 0 native plugins for Editor in 0.00 ms.
Unloading 1098 Unused Serialized files (Serialized files now loaded: 0)
System memory in use before: 70.4 MB.
System memory in use after: 70.4 MB.

Unloading 10 unused Assets to reduce memory usage. Loaded Objects now: 1564.
Total: 3.641600 ms (FindLiveObjects: 0.537900 ms CreateObjectMapping: 0.184100 ms MarkObjects: 2.727600 ms  DeleteObjects: 0.188600 ms)

========================================================================
Received Import Request.
  path: Assets/Scripts/CharacterController.cs
  artifactKey: Guid(6f5f46e05b0dd854dac714ef8147a2c7) Importer(815301076,1909f56bfc062723c751e8b465ee728b)
Start importing Assets/Scripts/CharacterController.cs using Guid(6f5f46e05b0dd854dac714ef8147a2c7) Importer(815301076,1909f56bfc062723c751e8b465ee728b)  -> (artifact id: '0bfd5f6806a1a93eeb0548d412ad6f60') in 0.074982 seconds
  Import took 0.082281 seconds .

========================================================================
Received Prepare
Refreshing native plugins compatible for Editor in 2.26 ms, found 0 plugins.
Preloading 0 native plugins for Editor in 0.00 ms.
Unloading 3 Unused Serialized files (Serialized files now loaded: 0)
System memory in use before: 49.0 MB.
System memory in use after: 49.1 MB.

Unloading 3 unused Assets to reduce memory usage. Loaded Objects now: 1564.
Total: 6.607100 ms (FindLiveObjects: 0.436900 ms CreateObjectMapping: 0.183100 ms MarkObjects: 5.801900 ms  DeleteObjects: 0.181500 ms)

========================================================================
Received Import Request.
  Time since last request: 20.193430 seconds.
  path: Assets/Scripts/EnemyController.cs
  artifactKey: Guid(3a3f3bb0a7fc08e45a052d81260d2e8a) Importer(815301076,1909f56bfc062723c751e8b465ee728b)
Start importing Assets/Scripts/EnemyController.cs using Guid(3a3f3bb0a7fc08e45a052d81260d2e8a) Importer(815301076,1909f56bfc062723c751e8b465ee728b)  -> (artifact id: '672e030e30783ea43e9cc5fe3101aea3') in 0.005197 seconds
  Import took 0.011594 seconds .

========================================================================
Received Import Request.
  Time since last request: 0.000951 seconds.
  path: Assets/Scripts/EnemyController.cs
  artifactKey: Guid(3a3f3bb0a7fc08e45a052d81260d2e8a) Importer(815301076,1909f56bfc062723c751e8b465ee728b)
Start importing Assets/Scripts/EnemyController.cs using Guid(3a3f3bb0a7fc08e45a052d81260d2e8a) Importer(815301076,1909f56bfc062723c751e8b465ee728b)  -> (artifact id: '672e030e30783ea43e9cc5fe3101aea3') in 0.006762 seconds
  Import took 0.011723 seconds .

========================================================================
Received Prepare
Registering precompiled user dll's ...
Registered in 0.000747 seconds.
Begin MonoManager ReloadAssembly
Native extension for WindowsStandalone target not found
Refreshing native plugins compatible for Editor in 0.24 ms, found 0 plugins.
Preloading 0 native plugins for Editor in 0.00 ms.
Invoked RoslynAnalysisRunner static constructor.
RoslynAnalysisRunner will not be running.
RoslynAnalysisRunner has terminated.
Mono: successfully reloaded assembly
- Completed reload, in  0.887 seconds
Platform modules already initialized, skipping
Refreshing native plugins compatible for Editor in 0.38 ms, found 0 plugins.
Preloading 0 native plugins for Editor in 0.00 ms.
Unloading 1093 Unused Serialized files (Serialized files now loaded: 0)
System memory in use before: 70.8 MB.
System memory in use after: 70.9 MB.

Unloading 5 unused Assets to reduce memory usage. Loaded Objects now: 1566.
Total: 3.724300 ms (FindLiveObjects: 0.540100 ms CreateObjectMapping: 0.147300 ms MarkObjects: 2.898300 ms  DeleteObjects: 0.134200 ms)

========================================================================
Received Prepare
Registering precompiled user dll's ...
Registered in 0.001461 seconds.
Begin MonoManager ReloadAssembly
Native extension for WindowsStandalone target not found
Refreshing native plugins compatible for Editor in 0.40 ms, found 0 plugins.
Preloading 0 native plugins for Editor in 0.00 ms.
Invoked RoslynAnalysisRunner static constructor.
RoslynAnalysisRunner will not be running.
RoslynAnalysisRunner has terminated.
Mono: successfully reloaded assembly
- Completed reload, in  2.335 seconds
Platform modules already initialized, skipping
Refreshing native plugins compatible for Editor in 0.65 ms, found 0 plugins.
Preloading 0 native plugins for Editor in 0.00 ms.
Unloading 1093 Unused Serialized files (Serialized files now loaded: 0)
System memory in use before: 71.8 MB.
System memory in use after: 71.8 MB.

Unloading 5 unused Assets to reduce memory usage. Loaded Objects now: 1568.
Total: 5.854800 ms (FindLiveObjects: 0.425200 ms CreateObjectMapping: 0.161900 ms MarkObjects: 5.025500 ms  DeleteObjects: 0.238000 ms)

========================================================================
Received Prepare
Registering precompiled user dll's ...
Registered in 0.002051 seconds.
Begin MonoManager ReloadAssembly
Native extension for WindowsStandalone target not found
Refreshing native plugins compatible for Editor in 0.59 ms, found 0 plugins.
Preloading 0 native plugins for Editor in 0.00 ms.
Invoked RoslynAnalysisRunner static constructor.
RoslynAnalysisRunner will not be running.
RoslynAnalysisRunner has terminated.
Mono: successfully reloaded assembly
- Completed reload, in  2.753 seconds
Platform modules already initialized, skipping
Refreshing native plugins compatible for Editor in 0.59 ms, found 0 plugins.
Preloading 0 native plugins for Editor in 0.00 ms.
Unloading 1093 Unused Serialized files (Serialized files now loaded: 0)
System memory in use before: 71.8 MB.
System memory in use after: 71.9 MB.

Unloading 5 unused Assets to reduce memory usage. Loaded Objects now: 1570.
Total: 5.938600 ms (FindLiveObjects: 0.736300 ms CreateObjectMapping: 0.152600 ms MarkObjects: 4.677300 ms  DeleteObjects: 0.369100 ms)

========================================================================
Received Prepare
Registering precompiled user dll's ...
Registered in 0.001677 seconds.
Begin MonoManager ReloadAssembly
Native extension for WindowsStandalone target not found
Refreshing native plugins compatible for Editor in 0.38 ms, found 0 plugins.
Preloading 0 native plugins for Editor in 0.00 ms.
Invoked RoslynAnalysisRunner static constructor.
RoslynAnalysisRunner will not be running.
RoslynAnalysisRunner has terminated.
Mono: successfully reloaded assembly
- Completed reload, in  1.729 seconds
Platform modules already initialized, skipping
Refreshing native plugins compatible for Editor in 0.37 ms, found 0 plugins.
Preloading 0 native plugins for Editor in 0.00 ms.
Unloading 1093 Unused Serialized files (Serialized files now loaded: 0)
System memory in use before: 71.8 MB.
System memory in use after: 71.8 MB.

Unloading 5 unused Assets to reduce memory usage. Loaded Objects now: 1572.
Total: 3.692800 ms (FindLiveObjects: 0.261500 ms CreateObjectMapping: 0.069600 ms MarkObjects: 3.222800 ms  DeleteObjects: 0.135600 ms)

========================================================================
Received Prepare
Registering precompiled user dll's ...
Registered in 0.001482 seconds.
Begin MonoManager ReloadAssembly
Native extension for WindowsStandalone target not found
Refreshing native plugins compatible for Editor in 0.40 ms, found 0 plugins.
Preloading 0 native plugins for Editor in 0.00 ms.
Invoked RoslynAnalysisRunner static constructor.
RoslynAnalysisRunner will not be running.
RoslynAnalysisRunner has terminated.
Mono: successfully reloaded assembly
- Completed reload, in  1.757 seconds
Platform modules already initialized, skipping
Refreshing native plugins compatible for Editor in 0.37 ms, found 0 plugins.
Preloading 0 native plugins for Editor in 0.00 ms.
Unloading 1093 Unused Serialized files (Serialized files now loaded: 0)
System memory in use before: 71.8 MB.
System memory in use after: 71.9 MB.

Unloading 5 unused Assets to reduce memory usage. Loaded Objects now: 1574.
Total: 3.718700 ms (FindLiveObjects: 0.258500 ms CreateObjectMapping: 0.079300 ms MarkObjects: 3.240900 ms  DeleteObjects: 0.137100 ms)

========================================================================
Received Prepare
Registering precompiled user dll's ...
Registered in 0.002279 seconds.
Begin MonoManager ReloadAssembly
Native extension for WindowsStandalone target not found
Refreshing native plugins compatible for Editor in 0.53 ms, found 0 plugins.
Preloading 0 native plugins for Editor in 0.00 ms.
Invoked RoslynAnalysisRunner static constructor.
RoslynAnalysisRunner will not be running.
RoslynAnalysisRunner has terminated.
Mono: successfully reloaded assembly
- Completed reload, in  1.908 seconds
Platform modules already initialized, skipping
Refreshing native plugins compatible for Editor in 0.38 ms, found 0 plugins.
Preloading 0 native plugins for Editor in 0.00 ms.
Unloading 1094 Unused Serialized files (Serialized files now loaded: 0)
System memory in use before: 71.8 MB.
System memory in use after: 71.8 MB.

Unloading 5 unused Assets to reduce memory usage. Loaded Objects now: 1577.
Total: 5.087200 ms (FindLiveObjects: 0.634300 ms CreateObjectMapping: 0.181400 ms MarkObjects: 4.111000 ms  DeleteObjects: 0.155900 ms)

========================================================================
Received Prepare
Registering precompiled user dll's ...
Registered in 0.001437 seconds.
Begin MonoManager ReloadAssembly
Native extension for WindowsStandalone target not found
Refreshing native plugins compatible for Editor in 0.38 ms, found 0 plugins.
Preloading 0 native plugins for Editor in 0.00 ms.
Invoked RoslynAnalysisRunner static constructor.
RoslynAnalysisRunner will not be running.
RoslynAnalysisRunner has terminated.
Mono: successfully reloaded assembly
- Completed reload, in  1.760 seconds
Platform modules already initialized, skipping
Refreshing native plugins compatible for Editor in 0.40 ms, found 0 plugins.
Preloading 0 native plugins for Editor in 0.00 ms.
Unloading 1094 Unused Serialized files (Serialized files now loaded: 0)
System memory in use before: 71.9 MB.
System memory in use after: 71.9 MB.

Unloading 5 unused Assets to reduce memory usage. Loaded Objects now: 1579.
Total: 4.700700 ms (FindLiveObjects: 0.273000 ms CreateObjectMapping: 0.086800 ms MarkObjects: 4.194200 ms  DeleteObjects: 0.142400 ms)

========================================================================
Received Prepare
Registering precompiled user dll's ...
Registered in 0.001139 seconds.
Begin MonoManager ReloadAssembly
Native extension for WindowsStandalone target not found
Refreshing native plugins compatible for Editor in 0.23 ms, found 0 plugins.
Preloading 0 native plugins for Editor in 0.00 ms.
Invoked RoslynAnalysisRunner static constructor.
RoslynAnalysisRunner will not be running.
RoslynAnalysisRunner has terminated.
Mono: successfully reloaded assembly
- Completed reload, in  1.043 seconds
Platform modules already initialized, skipping
Refreshing native plugins compatible for Editor in 0.38 ms, found 0 plugins.
Preloading 0 native plugins for Editor in 0.00 ms.
Unloading 1094 Unused Serialized files (Serialized files now loaded: 0)
System memory in use before: 71.8 MB.
System memory in use after: 71.9 MB.

Unloading 5 unused Assets to reduce memory usage. Loaded Objects now: 1581.
Total: 3.551800 ms (FindLiveObjects: 0.367200 ms CreateObjectMapping: 0.228100 ms MarkObjects: 2.822800 ms  DeleteObjects: 0.129900 ms)

========================================================================
Received Prepare
Registering precompiled user dll's ...
Registered in 0.001607 seconds.
Begin MonoManager ReloadAssembly
Native extension for WindowsStandalone target not found
Refreshing native plugins compatible for Editor in 0.86 ms, found 0 plugins.
Preloading 0 native plugins for Editor in 0.00 ms.
Invoked RoslynAnalysisRunner static constructor.
RoslynAnalysisRunner will not be running.
RoslynAnalysisRunner has terminated.
Mono: successfully reloaded assembly
- Completed reload, in  2.381 seconds
Platform modules already initialized, skipping
Refreshing native plugins compatible for Editor in 0.66 ms, found 0 plugins.
Preloading 0 native plugins for Editor in 0.00 ms.
Unloading 1094 Unused Serialized files (Serialized files now loaded: 0)
System memory in use before: 71.9 MB.
System memory in use after: 72.0 MB.

Unloading 5 unused Assets to reduce memory usage. Loaded Objects now: 1583.
Total: 4.862300 ms (FindLiveObjects: 0.495600 ms CreateObjectMapping: 0.160700 ms MarkObjects: 3.940400 ms  DeleteObjects: 0.261700 ms)

========================================================================
Received Import Request.
  Time since last request: 1077.451551 seconds.
  path: Assets/Scripts/GameController.cs
  artifactKey: Guid(40abe486f3e5eaf4cbe8fbd45b8bd1b1) Importer(815301076,1909f56bfc062723c751e8b465ee728b)
Start importing Assets/Scripts/GameController.cs using Guid(40abe486f3e5eaf4cbe8fbd45b8bd1b1) Importer(815301076,1909f56bfc062723c751e8b465ee728b)  -> (artifact id: '37927c883655c7a15bfed20fda67173a') in 0.005663 seconds
  Import took 0.008982 seconds .

========================================================================
Received Prepare
Registering precompiled user dll's ...
Registered in 0.002039 seconds.
Begin MonoManager ReloadAssembly
Native extension for WindowsStandalone target not found
Refreshing native plugins compatible for Editor in 0.38 ms, found 0 plugins.
Preloading 0 native plugins for Editor in 0.00 ms.
Invoked RoslynAnalysisRunner static constructor.
RoslynAnalysisRunner will not be running.
RoslynAnalysisRunner has terminated.
Mono: successfully reloaded assembly
- Completed reload, in  1.823 seconds
Platform modules already initialized, skipping
Refreshing native plugins compatible for Editor in 0.38 ms, found 0 plugins.
Preloading 0 native plugins for Editor in 0.00 ms.
Unloading 1095 Unused Serialized files (Serialized files now loaded: 0)
System memory in use before: 71.8 MB.
System memory in use after: 71.9 MB.

Unloading 5 unused Assets to reduce memory usage. Loaded Objects now: 1586.
Total: 4.833500 ms (FindLiveObjects: 0.438700 ms CreateObjectMapping: 0.087300 ms MarkObjects: 4.112600 ms  DeleteObjects: 0.189700 ms)

========================================================================
Received Import Request.
  Time since last request: 444.229656 seconds.
  path: Assets/Models/Level 1 Monster Pack/Prefabs/Characters
  artifactKey: Guid(54408bf35109fd84d8cd7bc40ce104fb) Importer(815301076,1909f56bfc062723c751e8b465ee728b)
Start importing Assets/Models/Level 1 Monster Pack/Prefabs/Characters using Guid(54408bf35109fd84d8cd7bc40ce104fb) Importer(815301076,1909f56bfc062723c751e8b465ee728b)  -> (artifact id: 'fafd2fe326658799055358e91ce1ced6') in 0.013334 seconds
  Import took 0.019953 seconds .

========================================================================
Received Import Request.
  Time since last request: 0.001916 seconds.
  path: Assets/Models/Level 1 Monster Pack/Prefabs/Characters
  artifactKey: Guid(54408bf35109fd84d8cd7bc40ce104fb) Importer(815301076,1909f56bfc062723c751e8b465ee728b)
Start importing Assets/Models/Level 1 Monster Pack/Prefabs/Characters using Guid(54408bf35109fd84d8cd7bc40ce104fb) Importer(815301076,1909f56bfc062723c751e8b465ee728b)  -> (artifact id: 'fafd2fe326658799055358e91ce1ced6') in 0.005418 seconds
  Import took 0.010008 seconds .

========================================================================
Received Import Request.
  Time since last request: 10.367232 seconds.
  path: Assets/Models/Level 1 Monster Pack/Prefabs/Characters/Bat_Green Variant.prefab
  artifactKey: Guid(04c2b750e4fcdb34999efb01bd268400) Importer(815301076,1909f56bfc062723c751e8b465ee728b)
Start importing Assets/Models/Level 1 Monster Pack/Prefabs/Characters/Bat_Green Variant.prefab using Guid(04c2b750e4fcdb34999efb01bd268400) Importer(815301076,1909f56bfc062723c751e8b465ee728b)  -> (artifact id: 'bde2ab39b16698037789a1f55980b33f') in 0.153171 seconds
  Import took 0.157612 seconds .

========================================================================
Received Prepare
Registering precompiled user dll's ...
Registered in 0.001635 seconds.
Begin MonoManager ReloadAssembly
Native extension for WindowsStandalone target not found
Refreshing native plugins compatible for Editor in 0.40 ms, found 0 plugins.
Preloading 0 native plugins for Editor in 0.00 ms.
Invoked RoslynAnalysisRunner static constructor.
RoslynAnalysisRunner will not be running.
RoslynAnalysisRunner has terminated.
Mono: successfully reloaded assembly
- Completed reload, in  1.802 seconds
Platform modules already initialized, skipping
Refreshing native plugins compatible for Editor in 0.37 ms, found 0 plugins.
Preloading 0 native plugins for Editor in 0.00 ms.
Unloading 1095 Unused Serialized files (Serialized files now loaded: 0)
System memory in use before: 75.1 MB.
System memory in use after: 75.2 MB.

Unloading 5 unused Assets to reduce memory usage. Loaded Objects now: 1595.
Total: 3.285300 ms (FindLiveObjects: 0.283600 ms CreateObjectMapping: 0.087900 ms MarkObjects: 2.781300 ms  DeleteObjects: 0.129100 ms)

========================================================================
Received Prepare
Registering precompiled user dll's ...
Registered in 0.000878 seconds.
Begin MonoManager ReloadAssembly
Native extension for WindowsStandalone target not found
Refreshing native plugins compatible for Editor in 0.28 ms, found 0 plugins.
Preloading 0 native plugins for Editor in 0.00 ms.
Invoked RoslynAnalysisRunner static constructor.
RoslynAnalysisRunner will not be running.
RoslynAnalysisRunner has terminated.
Mono: successfully reloaded assembly
- Completed reload, in  1.014 seconds
Platform modules already initialized, skipping
Refreshing native plugins compatible for Editor in 0.22 ms, found 0 plugins.
Preloading 0 native plugins for Editor in 0.00 ms.
Unloading 1095 Unused Serialized files (Serialized files now loaded: 0)
System memory in use before: 74.9 MB.
System memory in use after: 75.0 MB.

Unloading 5 unused Assets to reduce memory usage. Loaded Objects now: 1597.
Total: 2.031700 ms (FindLiveObjects: 0.187800 ms CreateObjectMapping: 0.036500 ms MarkObjects: 1.724200 ms  DeleteObjects: 0.081200 ms)

========================================================================
Received Prepare
Registering precompiled user dll's ...
Registered in 0.000825 seconds.
Begin MonoManager ReloadAssembly
Native extension for WindowsStandalone target not found
Refreshing native plugins compatible for Editor in 0.41 ms, found 0 plugins.
Preloading 0 native plugins for Editor in 0.00 ms.
Invoked RoslynAnalysisRunner static constructor.
RoslynAnalysisRunner will not be running.
RoslynAnalysisRunner has terminated.
Mono: successfully reloaded assembly
- Completed reload, in  1.738 seconds
Platform modules already initialized, skipping
Refreshing native plugins compatible for Editor in 0.39 ms, found 0 plugins.
Preloading 0 native plugins for Editor in 0.00 ms.
Unloading 1095 Unused Serialized files (Serialized files now loaded: 0)
System memory in use before: 75.1 MB.
System memory in use after: 75.2 MB.

Unloading 5 unused Assets to reduce memory usage. Loaded Objects now: 1599.
Total: 4.027500 ms (FindLiveObjects: 0.529200 ms CreateObjectMapping: 0.178900 ms MarkObjects: 3.174900 ms  DeleteObjects: 0.141000 ms)

========================================================================
Received Prepare
Registering precompiled user dll's ...
Registered in 0.000979 seconds.
Begin MonoManager ReloadAssembly
Native extension for WindowsStandalone target not found
Refreshing native plugins compatible for Editor in 0.47 ms, found 0 plugins.
Preloading 0 native plugins for Editor in 0.00 ms.
Invoked RoslynAnalysisRunner static constructor.
RoslynAnalysisRunner will not be running.
RoslynAnalysisRunner has terminated.
Mono: successfully reloaded assembly
- Completed reload, in  1.168 seconds
Platform modules already initialized, skipping
Refreshing native plugins compatible for Editor in 0.37 ms, found 0 plugins.
Preloading 0 native plugins for Editor in 0.00 ms.
Unloading 1095 Unused Serialized files (Serialized files now loaded: 0)
System memory in use before: 74.9 MB.
System memory in use after: 75.0 MB.

Unloading 5 unused Assets to reduce memory usage. Loaded Objects now: 1601.
Total: 4.109200 ms (FindLiveObjects: 0.321500 ms CreateObjectMapping: 0.076300 ms MarkObjects: 3.574800 ms  DeleteObjects: 0.133700 ms)

========================================================================
Received Prepare
Registering precompiled user dll's ...
Registered in 0.000750 seconds.
Begin MonoManager ReloadAssembly
Native extension for WindowsStandalone target not found
Refreshing native plugins compatible for Editor in 0.39 ms, found 0 plugins.
Preloading 0 native plugins for Editor in 0.00 ms.
Invoked RoslynAnalysisRunner static constructor.
RoslynAnalysisRunner will not be running.
RoslynAnalysisRunner has terminated.
Mono: successfully reloaded assembly
- Completed reload, in  1.268 seconds
Platform modules already initialized, skipping
Refreshing native plugins compatible for Editor in 0.38 ms, found 0 plugins.
Preloading 0 native plugins for Editor in 0.00 ms.
Unloading 1095 Unused Serialized files (Serialized files now loaded: 0)
System memory in use before: 75.1 MB.
System memory in use after: 75.2 MB.

Unloading 5 unused Assets to reduce memory usage. Loaded Objects now: 1603.
Total: 5.505800 ms (FindLiveObjects: 0.444200 ms CreateObjectMapping: 0.123400 ms MarkObjects: 4.741600 ms  DeleteObjects: 0.192400 ms)

========================================================================
Received Prepare
Registering precompiled user dll's ...
Registered in 0.001497 seconds.
Begin MonoManager ReloadAssembly
Native extension for WindowsStandalone target not found
Refreshing native plugins compatible for Editor in 0.40 ms, found 0 plugins.
Preloading 0 native plugins for Editor in 0.00 ms.
Invoked RoslynAnalysisRunner static constructor.
RoslynAnalysisRunner will not be running.
RoslynAnalysisRunner has terminated.
Mono: successfully reloaded assembly
- Completed reload, in  1.747 seconds
Platform modules already initialized, skipping
Refreshing native plugins compatible for Editor in 0.39 ms, found 0 plugins.
Preloading 0 native plugins for Editor in 0.00 ms.
Unloading 1095 Unused Serialized files (Serialized files now loaded: 0)
System memory in use before: 74.9 MB.
System memory in use after: 75.0 MB.

Unloading 5 unused Assets to reduce memory usage. Loaded Objects now: 1605.
Total: 3.784000 ms (FindLiveObjects: 0.390200 ms CreateObjectMapping: 0.096400 ms MarkObjects: 3.155200 ms  DeleteObjects: 0.138400 ms)

========================================================================
Received Prepare
Registering precompiled user dll's ...
Registered in 0.002156 seconds.
Begin MonoManager ReloadAssembly
Native extension for WindowsStandalone target not found
Refreshing native plugins compatible for Editor in 0.39 ms, found 0 plugins.
Preloading 0 native plugins for Editor in 0.00 ms.
Invoked RoslynAnalysisRunner static constructor.
RoslynAnalysisRunner will not be running.
RoslynAnalysisRunner has terminated.
Mono: successfully reloaded assembly
- Completed reload, in  1.846 seconds
Platform modules already initialized, skipping
Refreshing native plugins compatible for Editor in 0.45 ms, found 0 plugins.
Preloading 0 native plugins for Editor in 0.00 ms.
Unloading 1095 Unused Serialized files (Serialized files now loaded: 0)
System memory in use before: 75.1 MB.
System memory in use after: 75.2 MB.

Unloading 5 unused Assets to reduce memory usage. Loaded Objects now: 1607.
Total: 4.365700 ms (FindLiveObjects: 0.527800 ms CreateObjectMapping: 0.095600 ms MarkObjects: 3.551500 ms  DeleteObjects: 0.184300 ms)

========================================================================
Received Import Request.
  Time since last request: 44891.548345 seconds.
  path: Assets/Models/Level 1 Monster Pack/Prefabs/Characters/Chicken (2).prefab
  artifactKey: Guid(7e0c0fe5652850b489476daa96c17e21) Importer(815301076,1909f56bfc062723c751e8b465ee728b)
Start importing Assets/Models/Level 1 Monster Pack/Prefabs/Characters/Chicken (2).prefab using Guid(7e0c0fe5652850b489476daa96c17e21) Importer(815301076,1909f56bfc062723c751e8b465ee728b)  -> (artifact id: '422d1e198f24e141dd6ea67d536b81af') in 0.314021 seconds
  Import took 0.321402 seconds .

========================================================================
Received Import Request.
  Time since last request: 7.102581 seconds.
  path: Assets/Models/Level 1 Monster Pack/Prefabs/Characters/Chicken.prefab
  artifactKey: Guid(7e0c0fe5652850b489476daa96c17e21) Importer(815301076,1909f56bfc062723c751e8b465ee728b)
Start importing Assets/Models/Level 1 Monster Pack/Prefabs/Characters/Chicken.prefab using Guid(7e0c0fe5652850b489476daa96c17e21) Importer(815301076,1909f56bfc062723c751e8b465ee728b)  -> (artifact id: '3c0575bb71ec80da3f487a37ed9e20af') in 0.051151 seconds
  Import took 0.058086 seconds .

========================================================================
Received Prepare
Registering precompiled user dll's ...
Registered in 0.000776 seconds.
Begin MonoManager ReloadAssembly
Native extension for WindowsStandalone target not found
Refreshing native plugins compatible for Editor in 0.23 ms, found 0 plugins.
Preloading 0 native plugins for Editor in 0.00 ms.
Invoked RoslynAnalysisRunner static constructor.
RoslynAnalysisRunner will not be running.
RoslynAnalysisRunner has terminated.
Mono: successfully reloaded assembly
- Completed reload, in  0.840 seconds
Platform modules already initialized, skipping
Refreshing native plugins compatible for Editor in 0.23 ms, found 0 plugins.
Preloading 0 native plugins for Editor in 0.00 ms.
Unloading 1095 Unused Serialized files (Serialized files now loaded: 0)
System memory in use before: 75.1 MB.
System memory in use after: 75.2 MB.

Unloading 5 unused Assets to reduce memory usage. Loaded Objects now: 1613.
Total: 2.010400 ms (FindLiveObjects: 0.165600 ms CreateObjectMapping: 0.047300 ms MarkObjects: 1.722700 ms  DeleteObjects: 0.073000 ms)

========================================================================
Received Import Request.
  Time since last request: 538.852833 seconds.
  path: Assets/Events
  artifactKey: Guid(4530cb7776047f04c9889f0c1a77f9e3) Importer(815301076,1909f56bfc062723c751e8b465ee728b)
Start importing Assets/Events using Guid(4530cb7776047f04c9889f0c1a77f9e3) Importer(815301076,1909f56bfc062723c751e8b465ee728b)  -> (artifact id: '5c28e19d9283a94ff95a9c93637a0ae6') in 0.009776 seconds
  Import took 0.013561 seconds .

========================================================================
Received Import Request.
  Time since last request: 19.871337 seconds.
  path: Assets/Events/New Signal.signal
  artifactKey: Guid(3aa7506905a8293428f164d19884e215) Importer(815301076,1909f56bfc062723c751e8b465ee728b)
Start importing Assets/Events/New Signal.signal using Guid(3aa7506905a8293428f164d19884e215) Importer(815301076,1909f56bfc062723c751e8b465ee728b)  -> (artifact id: 'a9eede26ee52239d51b5487970d5256b') in 0.020386 seconds
  Import took 0.024186 seconds .

========================================================================
Received Import Request.
  Time since last request: 1172.098561 seconds.
  path: Assets/Scripts/BaseCharacter.cs
  artifactKey: Guid(9c1e16148e7ca8140a18e0da311f921e) Importer(815301076,1909f56bfc062723c751e8b465ee728b)
Start importing Assets/Scripts/BaseCharacter.cs using Guid(9c1e16148e7ca8140a18e0da311f921e) Importer(815301076,1909f56bfc062723c751e8b465ee728b)  -> (artifact id: '62ebd464c6a3481bf9aa0f44734b25f1') in 0.005055 seconds
  Import took 0.011265 seconds .

========================================================================
Received Prepare
Registering precompiled user dll's ...
Registered in 0.001519 seconds.
Begin MonoManager ReloadAssembly
Native extension for WindowsStandalone target not found
Refreshing native plugins compatible for Editor in 0.23 ms, found 0 plugins.
Preloading 0 native plugins for Editor in 0.00 ms.
Invoked RoslynAnalysisRunner static constructor.
RoslynAnalysisRunner will not be running.
RoslynAnalysisRunner has terminated.
Mono: successfully reloaded assembly
- Completed reload, in  1.058 seconds
Platform modules already initialized, skipping
Refreshing native plugins compatible for Editor in 0.22 ms, found 0 plugins.
Preloading 0 native plugins for Editor in 0.00 ms.
Unloading 1096 Unused Serialized files (Serialized files now loaded: 0)
System memory in use before: 75.4 MB.
System memory in use after: 75.4 MB.

Unloading 5 unused Assets to reduce memory usage. Loaded Objects now: 1616.
Total: 1.966600 ms (FindLiveObjects: 0.242300 ms CreateObjectMapping: 0.079600 ms MarkObjects: 1.560800 ms  DeleteObjects: 0.081500 ms)

========================================================================
Received Import Request.
  Time since last request: 796.251702 seconds.
  path: Assets/Scripts/BaseCharacter.cs
  artifactKey: Guid(9c1e16148e7ca8140a18e0da311f921e) Importer(815301076,1909f56bfc062723c751e8b465ee728b)
Start importing Assets/Scripts/BaseCharacter.cs using Guid(9c1e16148e7ca8140a18e0da311f921e) Importer(815301076,1909f56bfc062723c751e8b465ee728b)  -> (artifact id: 'b0935378d47dd906c8ec2bf5a68893ad') in 0.004155 seconds
  Import took 0.007070 seconds .

========================================================================
Received Import Request.
  Time since last request: 88.055148 seconds.
  path: Assets/Characters/Bat_Green Variant.prefab
  artifactKey: Guid(04c2b750e4fcdb34999efb01bd268400) Importer(815301076,1909f56bfc062723c751e8b465ee728b)
Start importing Assets/Characters/Bat_Green Variant.prefab using Guid(04c2b750e4fcdb34999efb01bd268400) Importer(815301076,1909f56bfc062723c751e8b465ee728b)  -> (artifact id: 'd76b31ebc0cb497237649370cbe0d1b1') in 0.088272 seconds
  Import took 0.092347 seconds .

========================================================================
Received Import Request.
  Time since last request: 0.000424 seconds.
  path: Assets/Characters/Chicken.prefab
  artifactKey: Guid(7e0c0fe5652850b489476daa96c17e21) Importer(815301076,1909f56bfc062723c751e8b465ee728b)
Start importing Assets/Characters/Chicken.prefab using Guid(7e0c0fe5652850b489476daa96c17e21) Importer(815301076,1909f56bfc062723c751e8b465ee728b)  -> (artifact id: '941b16fca6ebdc327484fe826cd53908') in 0.022359 seconds
  Import took 0.026579 seconds .

========================================================================
Received Import Request.
  Time since last request: 0.003565 seconds.
  path: Assets/Characters/Chicken.prefab
  artifactKey: Guid(7e0c0fe5652850b489476daa96c17e21) Importer(815301076,1909f56bfc062723c751e8b465ee728b)
Start importing Assets/Characters/Chicken.prefab using Guid(7e0c0fe5652850b489476daa96c17e21) Importer(815301076,1909f56bfc062723c751e8b465ee728b)  -> (artifact id: '941b16fca6ebdc327484fe826cd53908') in 0.019213 seconds
  Import took 0.022397 seconds .

========================================================================
Received Prepare
Registering precompiled user dll's ...
Registered in 0.001530 seconds.
Begin MonoManager ReloadAssembly
Native extension for WindowsStandalone target not found
Refreshing native plugins compatible for Editor in 0.40 ms, found 0 plugins.
Preloading 0 native plugins for Editor in 0.00 ms.
Invoked RoslynAnalysisRunner static constructor.
RoslynAnalysisRunner will not be running.
RoslynAnalysisRunner has terminated.
Mono: successfully reloaded assembly
- Completed reload, in  2.258 seconds
Platform modules already initialized, skipping
Refreshing native plugins compatible for Editor in 1.09 ms, found 0 plugins.
Preloading 0 native plugins for Editor in 0.00 ms.
Unloading 1096 Unused Serialized files (Serialized files now loaded: 0)
System memory in use before: 75.1 MB.
System memory in use after: 75.2 MB.

Unloading 5 unused Assets to reduce memory usage. Loaded Objects now: 1619.
Total: 4.515100 ms (FindLiveObjects: 0.434000 ms CreateObjectMapping: 0.175800 ms MarkObjects: 3.759300 ms  DeleteObjects: 0.142200 ms)

========================================================================
Received Prepare
Registering precompiled user dll's ...
Registered in 0.001493 seconds.
Begin MonoManager ReloadAssembly
Native extension for WindowsStandalone target not found
Refreshing native plugins compatible for Editor in 0.67 ms, found 0 plugins.
Preloading 0 native plugins for Editor in 0.00 ms.
Invoked RoslynAnalysisRunner static constructor.
RoslynAnalysisRunner will not be running.
RoslynAnalysisRunner has terminated.
Mono: successfully reloaded assembly
- Completed reload, in  1.953 seconds
Platform modules already initialized, skipping
Refreshing native plugins compatible for Editor in 0.38 ms, found 0 plugins.
Preloading 0 native plugins for Editor in 0.00 ms.
Unloading 1096 Unused Serialized files (Serialized files now loaded: 0)
System memory in use before: 75.4 MB.
System memory in use after: 75.5 MB.

Unloading 5 unused Assets to reduce memory usage. Loaded Objects now: 1621.
Total: 4.072800 ms (FindLiveObjects: 0.379200 ms CreateObjectMapping: 0.160100 ms MarkObjects: 3.395700 ms  DeleteObjects: 0.134800 ms)

========================================================================
Received Prepare
Registering precompiled user dll's ...
Registered in 0.001678 seconds.
Begin MonoManager ReloadAssembly
Native extension for WindowsStandalone target not found
Refreshing native plugins compatible for Editor in 0.42 ms, found 0 plugins.
Preloading 0 native plugins for Editor in 0.00 ms.
Invoked RoslynAnalysisRunner static constructor.
RoslynAnalysisRunner will not be running.
RoslynAnalysisRunner has terminated.
Mono: successfully reloaded assembly
- Completed reload, in  1.991 seconds
Platform modules already initialized, skipping
Refreshing native plugins compatible for Editor in 0.39 ms, found 0 plugins.
Preloading 0 native plugins for Editor in 0.00 ms.
Unloading 1096 Unused Serialized files (Serialized files now loaded: 0)
System memory in use before: 75.1 MB.
System memory in use after: 75.2 MB.

Unloading 5 unused Assets to reduce memory usage. Loaded Objects now: 1623.
Total: 3.671000 ms (FindLiveObjects: 0.300200 ms CreateObjectMapping: 0.078800 ms MarkObjects: 3.145800 ms  DeleteObjects: 0.141900 ms)

AssetImportWorkerClient::OnTransportError - code=2 error=End of file
